[2024-12-30 03:25:16] Checking if image is valid: Array
(
    [name] => 76d8e80f58b6f9d8d8250fa24c1954bb.gif
    [full_path] => 76d8e80f58b6f9d8d8250fa24c1954bb.gif
    [type] => image/gif
    [tmp_name] => C:\xampp\tmp\php1A58.tmp
    [error] => 0
    [size] => 9640686
)

[2024-12-30 03:25:16] Image info: Array
(
    [0] => 720
    [1] => 726
    [2] => 1
    [3] => width="720" height="726"
    [bits] => 8
    [channels] => 3
    [mime] => image/gif
)

[2024-12-30 03:25:16] Image is valid
[2024-12-30 03:25:16] Starting image save process: Array
(
    [post_id] => 21
    [file] => Array
        (
            [name] => 76d8e80f58b6f9d8d8250fa24c1954bb.gif
            [full_path] => 76d8e80f58b6f9d8d8250fa24c1954bb.gif
            [type] => image/gif
            [tmp_name] => C:\xampp\tmp\php1A58.tmp
            [error] => 0
            [size] => 9640686
        )

)

[2024-12-30 03:25:16] File paths: Array
(
    [upload_path] => uploads/post_image_6772048cb5fbe.gif
    [full_path] => C:\xampp\htdocs\Final Project/uploads/post_image_6772048cb5fbe.gif
)

[2024-12-30 03:25:16] File moved successfully
[2024-12-30 03:25:16] Resizing image: C:\xampp\htdocs\Final Project/uploads/post_image_6772048cb5fbe.gif
[2024-12-30 03:25:16] Image type: image/gif
[2024-12-30 03:29:01] Checking if image is valid: Array
(
    [name] => 76d8e80f58b6f9d8d8250fa24c1954bb.gif
    [full_path] => 76d8e80f58b6f9d8d8250fa24c1954bb.gif
    [type] => image/gif
    [tmp_name] => C:\xampp\tmp\php8B55.tmp
    [error] => 0
    [size] => 9640686
)

[2024-12-30 03:29:01] Image info: Array
(
    [0] => 720
    [1] => 726
    [2] => 1
    [3] => width="720" height="726"
    [bits] => 8
    [channels] => 3
    [mime] => image/gif
)

[2024-12-30 03:29:01] Image is valid
[2024-12-30 03:29:01] Starting image save process: Array
(
    [post_id] => 22
    [file] => Array
        (
            [name] => 76d8e80f58b6f9d8d8250fa24c1954bb.gif
            [full_path] => 76d8e80f58b6f9d8d8250fa24c1954bb.gif
            [type] => image/gif
            [tmp_name] => C:\xampp\tmp\php8B55.tmp
            [error] => 0
            [size] => 9640686
        )

)

[2024-12-30 03:29:01] File paths: Array
(
    [upload_path] => uploads/post_image_6772056dc2e68.gif
    [full_path] => C:\xampp\htdocs\Final Project/uploads/post_image_6772056dc2e68.gif
)

[2024-12-30 03:29:01] File moved successfully
[2024-12-30 03:29:01] Resizing image: C:\xampp\htdocs\Final Project/uploads/post_image_6772056dc2e68.gif
[2024-12-30 03:29:01] Image type: image/gif
[2024-12-30 03:29:45] Checking if image is valid: Array
(
    [name] => 76d8e80f58b6f9d8d8250fa24c1954bb.gif
    [full_path] => 76d8e80f58b6f9d8d8250fa24c1954bb.gif
    [type] => image/gif
    [tmp_name] => C:\xampp\tmp\php37C2.tmp
    [error] => 0
    [size] => 9640686
)

[2024-12-30 03:29:45] Image info: Array
(
    [0] => 720
    [1] => 726
    [2] => 1
    [3] => width="720" height="726"
    [bits] => 8
    [channels] => 3
    [mime] => image/gif
)

[2024-12-30 03:29:45] Image is valid
[2024-12-30 03:29:45] Starting image save process: Array
(
    [post_id] => 23
    [file] => Array
        (
            [name] => 76d8e80f58b6f9d8d8250fa24c1954bb.gif
            [full_path] => 76d8e80f58b6f9d8d8250fa24c1954bb.gif
            [type] => image/gif
            [tmp_name] => C:\xampp\tmp\php37C2.tmp
            [error] => 0
            [size] => 9640686
        )

)

[2024-12-30 03:29:45] File paths: Array
(
    [upload_path] => uploads/post_image_67720599e5e13.gif
    [full_path] => C:\xampp\htdocs\Final Project/uploads/post_image_67720599e5e13.gif
)

[2024-12-30 03:29:45] File moved successfully
[2024-12-30 03:29:45] Resizing image: C:\xampp\htdocs\Final Project/uploads/post_image_67720599e5e13.gif
[2024-12-30 03:29:45] Image type: image/gif
[2024-12-30 03:31:24] Checking if image is valid: Array
(
    [name] => 76d8e80f58b6f9d8d8250fa24c1954bb.gif
    [full_path] => 76d8e80f58b6f9d8d8250fa24c1954bb.gif
    [type] => image/gif
    [tmp_name] => C:\xampp\tmp\phpB79D.tmp
    [error] => 0
    [size] => 9640686
)

[2024-12-30 03:31:24] Image info: Array
(
    [0] => 720
    [1] => 726
    [2] => 1
    [3] => width="720" height="726"
    [bits] => 8
    [channels] => 3
    [mime] => image/gif
)

[2024-12-30 03:31:24] Image is valid
[2024-12-30 03:31:24] Starting image save process: Array
(
    [post_id] => 24
    [file] => Array
        (
            [name] => 76d8e80f58b6f9d8d8250fa24c1954bb.gif
            [full_path] => 76d8e80f58b6f9d8d8250fa24c1954bb.gif
            [type] => image/gif
            [tmp_name] => C:\xampp\tmp\phpB79D.tmp
            [error] => 0
            [size] => 9640686
        )

)

[2024-12-30 03:31:24] File paths: Array
(
    [upload_path] => uploads/post_image_677205fc2d039.gif
    [full_path] => C:\xampp\htdocs\Final Project/uploads/post_image_677205fc2d039.gif
)

[2024-12-30 03:31:24] File moved successfully
[2024-12-30 03:31:24] Resizing image: C:\xampp\htdocs\Final Project/uploads/post_image_677205fc2d039.gif
[2024-12-30 03:31:24] GD extension not available, skipping resize
[2024-12-30 03:31:24] Deleting post image: 24
[2024-12-30 03:31:24] No image found to delete
[2024-12-30 03:31:24] Inserting into database: Array
(
    [0] => 24
    [1] => post_image_677205fc2d039.gif
    [2] => 76d8e80f58b6f9d8d8250fa24c1954bb.gif
    [3] => uploads/post_image_677205fc2d039.gif
    [4] => 9640686
    [5] => image/gif
)

[2024-12-30 03:31:24] Database insert successful
[30-Dec-2024 04:10:36 Europe/Berlin] Required PHP extension not loaded: gd
[30-Dec-2024 04:10:37 Europe/Berlin] Required PHP extension not loaded: gd
[30-Dec-2024 04:10:42 Europe/Berlin] Required PHP extension not loaded: gd
[30-Dec-2024 04:10:43 Europe/Berlin] Required PHP extension not loaded: gd
[30-Dec-2024 04:10:44 Europe/Berlin] Required PHP extension not loaded: gd
[30-Dec-2024 04:10:45 Europe/Berlin] Required PHP extension not loaded: gd
[30-Dec-2024 04:10:51 Europe/Berlin] Required PHP extension not loaded: gd
[30-Dec-2024 04:10:53 Europe/Berlin] Required PHP extension not loaded: gd
[30-Dec-2024 04:10:55 Europe/Berlin] Required PHP extension not loaded: gd
[30-Dec-2024 04:12:10 Europe/Berlin] Required PHP extension not loaded: gd
[30-Dec-2024 04:12:10 Europe/Berlin] PHP Warning:  ini_set(): Session ini settings cannot be changed when a session is active in C:\xampp\htdocs\Final Project\includes\session_config.php on line 3
[30-Dec-2024 04:12:10 Europe/Berlin] PHP Warning:  ini_set(): Session ini settings cannot be changed when a session is active in C:\xampp\htdocs\Final Project\includes\session_config.php on line 4
[30-Dec-2024 04:12:10 Europe/Berlin] PHP Warning:  ini_set(): Session ini settings cannot be changed when a session is active in C:\xampp\htdocs\Final Project\includes\session_config.php on line 5
[30-Dec-2024 04:12:10 Europe/Berlin] PHP Warning:  session_set_cookie_params(): Session cookie parameters cannot be changed when a session is active in C:\xampp\htdocs\Final Project\includes\session_config.php on line 8
[30-Dec-2024 04:12:12 Europe/Berlin] Required PHP extension not loaded: gd
[30-Dec-2024 04:12:12 Europe/Berlin] PHP Warning:  ini_set(): Session ini settings cannot be changed when a session is active in C:\xampp\htdocs\Final Project\includes\session_config.php on line 3
[30-Dec-2024 04:12:12 Europe/Berlin] PHP Warning:  ini_set(): Session ini settings cannot be changed when a session is active in C:\xampp\htdocs\Final Project\includes\session_config.php on line 4
[30-Dec-2024 04:12:12 Europe/Berlin] PHP Warning:  ini_set(): Session ini settings cannot be changed when a session is active in C:\xampp\htdocs\Final Project\includes\session_config.php on line 5
[30-Dec-2024 04:12:12 Europe/Berlin] PHP Warning:  session_set_cookie_params(): Session cookie parameters cannot be changed when a session is active in C:\xampp\htdocs\Final Project\includes\session_config.php on line 8
[30-Dec-2024 04:12:13 Europe/Berlin] Required PHP extension not loaded: gd
[30-Dec-2024 04:12:13 Europe/Berlin] PHP Warning:  ini_set(): Session ini settings cannot be changed when a session is active in C:\xampp\htdocs\Final Project\includes\session_config.php on line 3
[30-Dec-2024 04:12:13 Europe/Berlin] PHP Warning:  ini_set(): Session ini settings cannot be changed when a session is active in C:\xampp\htdocs\Final Project\includes\session_config.php on line 4
[30-Dec-2024 04:12:13 Europe/Berlin] PHP Warning:  ini_set(): Session ini settings cannot be changed when a session is active in C:\xampp\htdocs\Final Project\includes\session_config.php on line 5
[30-Dec-2024 04:12:13 Europe/Berlin] PHP Warning:  session_set_cookie_params(): Session cookie parameters cannot be changed when a session is active in C:\xampp\htdocs\Final Project\includes\session_config.php on line 8
[30-Dec-2024 04:12:14 Europe/Berlin] Required PHP extension not loaded: gd
[30-Dec-2024 04:12:14 Europe/Berlin] PHP Warning:  ini_set(): Session ini settings cannot be changed when a session is active in C:\xampp\htdocs\Final Project\includes\session_config.php on line 3
[30-Dec-2024 04:12:14 Europe/Berlin] PHP Warning:  ini_set(): Session ini settings cannot be changed when a session is active in C:\xampp\htdocs\Final Project\includes\session_config.php on line 4
[30-Dec-2024 04:12:14 Europe/Berlin] PHP Warning:  ini_set(): Session ini settings cannot be changed when a session is active in C:\xampp\htdocs\Final Project\includes\session_config.php on line 5
[30-Dec-2024 04:12:14 Europe/Berlin] PHP Warning:  session_set_cookie_params(): Session cookie parameters cannot be changed when a session is active in C:\xampp\htdocs\Final Project\includes\session_config.php on line 8
[30-Dec-2024 04:12:30 Europe/Berlin] Required PHP extension not loaded: gd
[30-Dec-2024 04:12:30 Europe/Berlin] PHP Warning:  ini_set(): Session ini settings cannot be changed when a session is active in C:\xampp\htdocs\Final Project\includes\session_config.php on line 3
[30-Dec-2024 04:12:30 Europe/Berlin] PHP Warning:  ini_set(): Session ini settings cannot be changed when a session is active in C:\xampp\htdocs\Final Project\includes\session_config.php on line 4
[30-Dec-2024 04:12:30 Europe/Berlin] PHP Warning:  ini_set(): Session ini settings cannot be changed when a session is active in C:\xampp\htdocs\Final Project\includes\session_config.php on line 5
[30-Dec-2024 04:12:30 Europe/Berlin] PHP Warning:  session_set_cookie_params(): Session cookie parameters cannot be changed when a session is active in C:\xampp\htdocs\Final Project\includes\session_config.php on line 8
[30-Dec-2024 04:12:31 Europe/Berlin] Required PHP extension not loaded: gd
[30-Dec-2024 04:12:31 Europe/Berlin] PHP Warning:  ini_set(): Session ini settings cannot be changed when a session is active in C:\xampp\htdocs\Final Project\includes\session_config.php on line 3
[30-Dec-2024 04:12:31 Europe/Berlin] PHP Warning:  ini_set(): Session ini settings cannot be changed when a session is active in C:\xampp\htdocs\Final Project\includes\session_config.php on line 4
[30-Dec-2024 04:12:31 Europe/Berlin] PHP Warning:  ini_set(): Session ini settings cannot be changed when a session is active in C:\xampp\htdocs\Final Project\includes\session_config.php on line 5
[30-Dec-2024 04:12:31 Europe/Berlin] PHP Warning:  session_set_cookie_params(): Session cookie parameters cannot be changed when a session is active in C:\xampp\htdocs\Final Project\includes\session_config.php on line 8
[30-Dec-2024 04:12:31 Europe/Berlin] Required PHP extension not loaded: gd
[30-Dec-2024 04:12:31 Europe/Berlin] PHP Warning:  ini_set(): Session ini settings cannot be changed when a session is active in C:\xampp\htdocs\Final Project\includes\session_config.php on line 3
[30-Dec-2024 04:12:31 Europe/Berlin] PHP Warning:  ini_set(): Session ini settings cannot be changed when a session is active in C:\xampp\htdocs\Final Project\includes\session_config.php on line 4
[30-Dec-2024 04:12:31 Europe/Berlin] PHP Warning:  ini_set(): Session ini settings cannot be changed when a session is active in C:\xampp\htdocs\Final Project\includes\session_config.php on line 5
[30-Dec-2024 04:12:31 Europe/Berlin] PHP Warning:  session_set_cookie_params(): Session cookie parameters cannot be changed when a session is active in C:\xampp\htdocs\Final Project\includes\session_config.php on line 8
[30-Dec-2024 04:12:32 Europe/Berlin] Required PHP extension not loaded: gd
[30-Dec-2024 04:12:32 Europe/Berlin] PHP Warning:  ini_set(): Session ini settings cannot be changed when a session is active in C:\xampp\htdocs\Final Project\includes\session_config.php on line 3
[30-Dec-2024 04:12:32 Europe/Berlin] PHP Warning:  ini_set(): Session ini settings cannot be changed when a session is active in C:\xampp\htdocs\Final Project\includes\session_config.php on line 4
[30-Dec-2024 04:12:32 Europe/Berlin] PHP Warning:  ini_set(): Session ini settings cannot be changed when a session is active in C:\xampp\htdocs\Final Project\includes\session_config.php on line 5
[30-Dec-2024 04:12:32 Europe/Berlin] PHP Warning:  session_set_cookie_params(): Session cookie parameters cannot be changed when a session is active in C:\xampp\htdocs\Final Project\includes\session_config.php on line 8
[30-Dec-2024 04:12:33 Europe/Berlin] Required PHP extension not loaded: gd
[30-Dec-2024 04:12:33 Europe/Berlin] PHP Warning:  ini_set(): Session ini settings cannot be changed when a session is active in C:\xampp\htdocs\Final Project\includes\session_config.php on line 3
[30-Dec-2024 04:12:33 Europe/Berlin] PHP Warning:  ini_set(): Session ini settings cannot be changed when a session is active in C:\xampp\htdocs\Final Project\includes\session_config.php on line 4
[30-Dec-2024 04:12:33 Europe/Berlin] PHP Warning:  ini_set(): Session ini settings cannot be changed when a session is active in C:\xampp\htdocs\Final Project\includes\session_config.php on line 5
[30-Dec-2024 04:12:33 Europe/Berlin] PHP Warning:  session_set_cookie_params(): Session cookie parameters cannot be changed when a session is active in C:\xampp\htdocs\Final Project\includes\session_config.php on line 8
[30-Dec-2024 04:12:34 Europe/Berlin] Required PHP extension not loaded: gd
[30-Dec-2024 04:12:34 Europe/Berlin] PHP Warning:  ini_set(): Session ini settings cannot be changed when a session is active in C:\xampp\htdocs\Final Project\includes\session_config.php on line 3
[30-Dec-2024 04:12:34 Europe/Berlin] PHP Warning:  ini_set(): Session ini settings cannot be changed when a session is active in C:\xampp\htdocs\Final Project\includes\session_config.php on line 4
[30-Dec-2024 04:12:34 Europe/Berlin] PHP Warning:  ini_set(): Session ini settings cannot be changed when a session is active in C:\xampp\htdocs\Final Project\includes\session_config.php on line 5
[30-Dec-2024 04:12:34 Europe/Berlin] PHP Warning:  session_set_cookie_params(): Session cookie parameters cannot be changed when a session is active in C:\xampp\htdocs\Final Project\includes\session_config.php on line 8
[30-Dec-2024 04:12:34 Europe/Berlin] Required PHP extension not loaded: gd
[30-Dec-2024 04:12:34 Europe/Berlin] PHP Warning:  ini_set(): Session ini settings cannot be changed when a session is active in C:\xampp\htdocs\Final Project\includes\session_config.php on line 3
[30-Dec-2024 04:12:34 Europe/Berlin] PHP Warning:  ini_set(): Session ini settings cannot be changed when a session is active in C:\xampp\htdocs\Final Project\includes\session_config.php on line 4
[30-Dec-2024 04:12:34 Europe/Berlin] PHP Warning:  ini_set(): Session ini settings cannot be changed when a session is active in C:\xampp\htdocs\Final Project\includes\session_config.php on line 5
[30-Dec-2024 04:12:34 Europe/Berlin] PHP Warning:  session_set_cookie_params(): Session cookie parameters cannot be changed when a session is active in C:\xampp\htdocs\Final Project\includes\session_config.php on line 8
[30-Dec-2024 04:12:35 Europe/Berlin] Required PHP extension not loaded: gd
[30-Dec-2024 04:12:36 Europe/Berlin] PHP Warning:  ini_set(): Session ini settings cannot be changed when a session is active in C:\xampp\htdocs\Final Project\includes\session_config.php on line 3
[30-Dec-2024 04:12:36 Europe/Berlin] PHP Warning:  ini_set(): Session ini settings cannot be changed when a session is active in C:\xampp\htdocs\Final Project\includes\session_config.php on line 4
[30-Dec-2024 04:12:36 Europe/Berlin] PHP Warning:  ini_set(): Session ini settings cannot be changed when a session is active in C:\xampp\htdocs\Final Project\includes\session_config.php on line 5
[30-Dec-2024 04:12:36 Europe/Berlin] PHP Warning:  session_set_cookie_params(): Session cookie parameters cannot be changed when a session is active in C:\xampp\htdocs\Final Project\includes\session_config.php on line 8
[30-Dec-2024 04:12:37 Europe/Berlin] Required PHP extension not loaded: gd
[30-Dec-2024 04:12:37 Europe/Berlin] PHP Warning:  ini_set(): Session ini settings cannot be changed when a session is active in C:\xampp\htdocs\Final Project\includes\session_config.php on line 3
[30-Dec-2024 04:12:37 Europe/Berlin] PHP Warning:  ini_set(): Session ini settings cannot be changed when a session is active in C:\xampp\htdocs\Final Project\includes\session_config.php on line 4
[30-Dec-2024 04:12:37 Europe/Berlin] PHP Warning:  ini_set(): Session ini settings cannot be changed when a session is active in C:\xampp\htdocs\Final Project\includes\session_config.php on line 5
[30-Dec-2024 04:12:37 Europe/Berlin] PHP Warning:  session_set_cookie_params(): Session cookie parameters cannot be changed when a session is active in C:\xampp\htdocs\Final Project\includes\session_config.php on line 8
[30-Dec-2024 04:12:38 Europe/Berlin] Required PHP extension not loaded: gd
[30-Dec-2024 04:12:38 Europe/Berlin] PHP Warning:  ini_set(): Session ini settings cannot be changed when a session is active in C:\xampp\htdocs\Final Project\includes\session_config.php on line 3
[30-Dec-2024 04:12:38 Europe/Berlin] PHP Warning:  ini_set(): Session ini settings cannot be changed when a session is active in C:\xampp\htdocs\Final Project\includes\session_config.php on line 4
[30-Dec-2024 04:12:38 Europe/Berlin] PHP Warning:  ini_set(): Session ini settings cannot be changed when a session is active in C:\xampp\htdocs\Final Project\includes\session_config.php on line 5
[30-Dec-2024 04:12:38 Europe/Berlin] PHP Warning:  session_set_cookie_params(): Session cookie parameters cannot be changed when a session is active in C:\xampp\htdocs\Final Project\includes\session_config.php on line 8
[30-Dec-2024 04:18:42 Europe/Berlin] Required PHP extension not loaded: gd
[30-Dec-2024 04:18:42 Europe/Berlin] PHP Warning:  ini_set(): Session ini settings cannot be changed when a session is active in C:\xampp\htdocs\Final Project\includes\session_config.php on line 3
[30-Dec-2024 04:18:42 Europe/Berlin] PHP Warning:  ini_set(): Session ini settings cannot be changed when a session is active in C:\xampp\htdocs\Final Project\includes\session_config.php on line 4
[30-Dec-2024 04:18:42 Europe/Berlin] PHP Warning:  ini_set(): Session ini settings cannot be changed when a session is active in C:\xampp\htdocs\Final Project\includes\session_config.php on line 5
[30-Dec-2024 04:18:42 Europe/Berlin] PHP Warning:  session_set_cookie_params(): Session cookie parameters cannot be changed when a session is active in C:\xampp\htdocs\Final Project\includes\session_config.php on line 8
[30-Dec-2024 04:18:43 Europe/Berlin] Required PHP extension not loaded: gd
[30-Dec-2024 04:18:43 Europe/Berlin] PHP Warning:  ini_set(): Session ini settings cannot be changed when a session is active in C:\xampp\htdocs\Final Project\includes\session_config.php on line 3
[30-Dec-2024 04:18:43 Europe/Berlin] PHP Warning:  ini_set(): Session ini settings cannot be changed when a session is active in C:\xampp\htdocs\Final Project\includes\session_config.php on line 4
[30-Dec-2024 04:18:43 Europe/Berlin] PHP Warning:  ini_set(): Session ini settings cannot be changed when a session is active in C:\xampp\htdocs\Final Project\includes\session_config.php on line 5
[30-Dec-2024 04:18:43 Europe/Berlin] PHP Warning:  session_set_cookie_params(): Session cookie parameters cannot be changed when a session is active in C:\xampp\htdocs\Final Project\includes\session_config.php on line 8
[30-Dec-2024 04:18:43 Europe/Berlin] Required PHP extension not loaded: gd
[30-Dec-2024 04:18:43 Europe/Berlin] PHP Warning:  ini_set(): Session ini settings cannot be changed when a session is active in C:\xampp\htdocs\Final Project\includes\session_config.php on line 3
[30-Dec-2024 04:18:43 Europe/Berlin] PHP Warning:  ini_set(): Session ini settings cannot be changed when a session is active in C:\xampp\htdocs\Final Project\includes\session_config.php on line 4
[30-Dec-2024 04:18:43 Europe/Berlin] PHP Warning:  ini_set(): Session ini settings cannot be changed when a session is active in C:\xampp\htdocs\Final Project\includes\session_config.php on line 5
[30-Dec-2024 04:18:43 Europe/Berlin] PHP Warning:  session_set_cookie_params(): Session cookie parameters cannot be changed when a session is active in C:\xampp\htdocs\Final Project\includes\session_config.php on line 8
[30-Dec-2024 04:18:45 Europe/Berlin] Required PHP extension not loaded: gd
[30-Dec-2024 04:18:45 Europe/Berlin] PHP Warning:  ini_set(): Session ini settings cannot be changed when a session is active in C:\xampp\htdocs\Final Project\includes\session_config.php on line 3
[30-Dec-2024 04:18:45 Europe/Berlin] PHP Warning:  ini_set(): Session ini settings cannot be changed when a session is active in C:\xampp\htdocs\Final Project\includes\session_config.php on line 4
[30-Dec-2024 04:18:45 Europe/Berlin] PHP Warning:  ini_set(): Session ini settings cannot be changed when a session is active in C:\xampp\htdocs\Final Project\includes\session_config.php on line 5
[30-Dec-2024 04:18:45 Europe/Berlin] PHP Warning:  session_set_cookie_params(): Session cookie parameters cannot be changed when a session is active in C:\xampp\htdocs\Final Project\includes\session_config.php on line 8
[30-Dec-2024 04:18:46 Europe/Berlin] Required PHP extension not loaded: gd
[30-Dec-2024 04:18:46 Europe/Berlin] PHP Warning:  ini_set(): Session ini settings cannot be changed when a session is active in C:\xampp\htdocs\Final Project\includes\session_config.php on line 3
[30-Dec-2024 04:18:46 Europe/Berlin] PHP Warning:  ini_set(): Session ini settings cannot be changed when a session is active in C:\xampp\htdocs\Final Project\includes\session_config.php on line 4
[30-Dec-2024 04:18:46 Europe/Berlin] PHP Warning:  ini_set(): Session ini settings cannot be changed when a session is active in C:\xampp\htdocs\Final Project\includes\session_config.php on line 5
[30-Dec-2024 04:18:46 Europe/Berlin] PHP Warning:  session_set_cookie_params(): Session cookie parameters cannot be changed when a session is active in C:\xampp\htdocs\Final Project\includes\session_config.php on line 8
[30-Dec-2024 04:18:46 Europe/Berlin] Required PHP extension not loaded: gd
[30-Dec-2024 04:18:47 Europe/Berlin] PHP Warning:  ini_set(): Session ini settings cannot be changed when a session is active in C:\xampp\htdocs\Final Project\includes\session_config.php on line 3
[30-Dec-2024 04:18:47 Europe/Berlin] PHP Warning:  ini_set(): Session ini settings cannot be changed when a session is active in C:\xampp\htdocs\Final Project\includes\session_config.php on line 4
[30-Dec-2024 04:18:47 Europe/Berlin] PHP Warning:  ini_set(): Session ini settings cannot be changed when a session is active in C:\xampp\htdocs\Final Project\includes\session_config.php on line 5
[30-Dec-2024 04:18:47 Europe/Berlin] PHP Warning:  session_set_cookie_params(): Session cookie parameters cannot be changed when a session is active in C:\xampp\htdocs\Final Project\includes\session_config.php on line 8
[30-Dec-2024 04:18:47 Europe/Berlin] Required PHP extension not loaded: gd
[30-Dec-2024 04:18:47 Europe/Berlin] PHP Warning:  ini_set(): Session ini settings cannot be changed when a session is active in C:\xampp\htdocs\Final Project\includes\session_config.php on line 3
[30-Dec-2024 04:18:47 Europe/Berlin] PHP Warning:  ini_set(): Session ini settings cannot be changed when a session is active in C:\xampp\htdocs\Final Project\includes\session_config.php on line 4
[30-Dec-2024 04:18:47 Europe/Berlin] PHP Warning:  ini_set(): Session ini settings cannot be changed when a session is active in C:\xampp\htdocs\Final Project\includes\session_config.php on line 5
[30-Dec-2024 04:18:47 Europe/Berlin] PHP Warning:  session_set_cookie_params(): Session cookie parameters cannot be changed when a session is active in C:\xampp\htdocs\Final Project\includes\session_config.php on line 8
[30-Dec-2024 04:18:47 Europe/Berlin] Required PHP extension not loaded: gd
[30-Dec-2024 04:18:48 Europe/Berlin] PHP Warning:  ini_set(): Session ini settings cannot be changed when a session is active in C:\xampp\htdocs\Final Project\includes\session_config.php on line 3
[30-Dec-2024 04:18:48 Europe/Berlin] PHP Warning:  ini_set(): Session ini settings cannot be changed when a session is active in C:\xampp\htdocs\Final Project\includes\session_config.php on line 4
[30-Dec-2024 04:18:48 Europe/Berlin] PHP Warning:  ini_set(): Session ini settings cannot be changed when a session is active in C:\xampp\htdocs\Final Project\includes\session_config.php on line 5
[30-Dec-2024 04:18:48 Europe/Berlin] PHP Warning:  session_set_cookie_params(): Session cookie parameters cannot be changed when a session is active in C:\xampp\htdocs\Final Project\includes\session_config.php on line 8
[30-Dec-2024 04:18:48 Europe/Berlin] Required PHP extension not loaded: gd
[30-Dec-2024 04:18:48 Europe/Berlin] PHP Warning:  ini_set(): Session ini settings cannot be changed when a session is active in C:\xampp\htdocs\Final Project\includes\session_config.php on line 3
[30-Dec-2024 04:18:48 Europe/Berlin] PHP Warning:  ini_set(): Session ini settings cannot be changed when a session is active in C:\xampp\htdocs\Final Project\includes\session_config.php on line 4
[30-Dec-2024 04:18:48 Europe/Berlin] PHP Warning:  ini_set(): Session ini settings cannot be changed when a session is active in C:\xampp\htdocs\Final Project\includes\session_config.php on line 5
[30-Dec-2024 04:18:48 Europe/Berlin] PHP Warning:  session_set_cookie_params(): Session cookie parameters cannot be changed when a session is active in C:\xampp\htdocs\Final Project\includes\session_config.php on line 8
[30-Dec-2024 04:18:48 Europe/Berlin] Required PHP extension not loaded: gd
[30-Dec-2024 04:18:48 Europe/Berlin] PHP Warning:  ini_set(): Session ini settings cannot be changed when a session is active in C:\xampp\htdocs\Final Project\includes\session_config.php on line 3
[30-Dec-2024 04:18:48 Europe/Berlin] PHP Warning:  ini_set(): Session ini settings cannot be changed when a session is active in C:\xampp\htdocs\Final Project\includes\session_config.php on line 4
[30-Dec-2024 04:18:48 Europe/Berlin] PHP Warning:  ini_set(): Session ini settings cannot be changed when a session is active in C:\xampp\htdocs\Final Project\includes\session_config.php on line 5
[30-Dec-2024 04:18:48 Europe/Berlin] PHP Warning:  session_set_cookie_params(): Session cookie parameters cannot be changed when a session is active in C:\xampp\htdocs\Final Project\includes\session_config.php on line 8
[02-May-2025 23:03:15 Europe/Berlin] Required PHP extension not loaded: gd
[02-May-2025 23:03:15 Europe/Berlin] Database Error: SQLSTATE[HY000] [1049] Unknown database 'serverside'
[02-May-2025 23:03:33 Europe/Berlin] Required PHP extension not loaded: gd
[02-May-2025 23:03:33 Europe/Berlin] Database Error: SQLSTATE[HY000] [1049] Unknown database 'serverside'
[02-May-2025 23:09:34 Europe/Berlin] Required PHP extension not loaded: gd
[02-May-2025 23:09:34 Europe/Berlin] Database Error: SQLSTATE[HY000] [1049] Unknown database 'serverside'
[02-May-2025 23:15:56 Europe/Berlin] Required PHP extension not loaded: gd
[02-May-2025 23:15:56 Europe/Berlin] PHP Warning:  ini_set(): Session ini settings cannot be changed when a session is active in C:\xampp\htdocs\WEBDEV PROJECT\includes\session_config.php on line 3
[02-May-2025 23:15:56 Europe/Berlin] PHP Warning:  ini_set(): Session ini settings cannot be changed when a session is active in C:\xampp\htdocs\WEBDEV PROJECT\includes\session_config.php on line 4
[02-May-2025 23:15:56 Europe/Berlin] PHP Warning:  ini_set(): Session ini settings cannot be changed when a session is active in C:\xampp\htdocs\WEBDEV PROJECT\includes\session_config.php on line 5
[02-May-2025 23:15:56 Europe/Berlin] PHP Warning:  session_set_cookie_params(): Session cookie parameters cannot be changed when a session is active in C:\xampp\htdocs\WEBDEV PROJECT\includes\session_config.php on line 14
[02-May-2025 23:17:22 Europe/Berlin] Required PHP extension not loaded: gd
[02-May-2025 23:17:22 Europe/Berlin] PHP Warning:  ini_set(): Session ini settings cannot be changed when a session is active in C:\xampp\htdocs\WEBDEV PROJECT\includes\session_config.php on line 3
[02-May-2025 23:17:22 Europe/Berlin] PHP Warning:  ini_set(): Session ini settings cannot be changed when a session is active in C:\xampp\htdocs\WEBDEV PROJECT\includes\session_config.php on line 4
[02-May-2025 23:17:22 Europe/Berlin] PHP Warning:  ini_set(): Session ini settings cannot be changed when a session is active in C:\xampp\htdocs\WEBDEV PROJECT\includes\session_config.php on line 5
[02-May-2025 23:17:22 Europe/Berlin] PHP Warning:  session_set_cookie_params(): Session cookie parameters cannot be changed when a session is active in C:\xampp\htdocs\WEBDEV PROJECT\includes\session_config.php on line 14
[02-May-2025 23:17:38 Europe/Berlin] Required PHP extension not loaded: gd
[02-May-2025 23:17:38 Europe/Berlin] PHP Warning:  ini_set(): Session ini settings cannot be changed when a session is active in C:\xampp\htdocs\WEBDEV PROJECT\includes\session_config.php on line 3
[02-May-2025 23:17:38 Europe/Berlin] PHP Warning:  ini_set(): Session ini settings cannot be changed when a session is active in C:\xampp\htdocs\WEBDEV PROJECT\includes\session_config.php on line 4
[02-May-2025 23:17:38 Europe/Berlin] PHP Warning:  ini_set(): Session ini settings cannot be changed when a session is active in C:\xampp\htdocs\WEBDEV PROJECT\includes\session_config.php on line 5
[02-May-2025 23:17:38 Europe/Berlin] PHP Warning:  session_set_cookie_params(): Session cookie parameters cannot be changed when a session is active in C:\xampp\htdocs\WEBDEV PROJECT\includes\session_config.php on line 14
[02-May-2025 23:20:19 Europe/Berlin] Required PHP extension not loaded: gd
[02-May-2025 23:20:20 Europe/Berlin] PHP Warning:  ini_set(): Session ini settings cannot be changed when a session is active in C:\xampp\htdocs\WEBDEV PROJECT\includes\session_config.php on line 3
[02-May-2025 23:20:20 Europe/Berlin] PHP Warning:  ini_set(): Session ini settings cannot be changed when a session is active in C:\xampp\htdocs\WEBDEV PROJECT\includes\session_config.php on line 4
[02-May-2025 23:20:20 Europe/Berlin] PHP Warning:  ini_set(): Session ini settings cannot be changed when a session is active in C:\xampp\htdocs\WEBDEV PROJECT\includes\session_config.php on line 5
[02-May-2025 23:20:20 Europe/Berlin] PHP Warning:  session_set_cookie_params(): Session cookie parameters cannot be changed when a session is active in C:\xampp\htdocs\WEBDEV PROJECT\includes\session_config.php on line 14
[02-May-2025 23:23:52 Europe/Berlin] Required PHP extension not loaded: gd
[02-May-2025 23:23:52 Europe/Berlin] PHP Warning:  ini_set(): Session ini settings cannot be changed when a session is active in C:\xampp\htdocs\WEBDEV PROJECT\includes\session_config.php on line 3
[02-May-2025 23:23:52 Europe/Berlin] PHP Warning:  ini_set(): Session ini settings cannot be changed when a session is active in C:\xampp\htdocs\WEBDEV PROJECT\includes\session_config.php on line 4
[02-May-2025 23:23:52 Europe/Berlin] PHP Warning:  ini_set(): Session ini settings cannot be changed when a session is active in C:\xampp\htdocs\WEBDEV PROJECT\includes\session_config.php on line 5
[02-May-2025 23:23:52 Europe/Berlin] PHP Warning:  session_set_cookie_params(): Session cookie parameters cannot be changed when a session is active in C:\xampp\htdocs\WEBDEV PROJECT\includes\session_config.php on line 14
[02-May-2025 23:23:53 Europe/Berlin] Required PHP extension not loaded: gd
[02-May-2025 23:23:53 Europe/Berlin] PHP Warning:  ini_set(): Session ini settings cannot be changed when a session is active in C:\xampp\htdocs\WEBDEV PROJECT\includes\session_config.php on line 3
[02-May-2025 23:23:53 Europe/Berlin] PHP Warning:  ini_set(): Session ini settings cannot be changed when a session is active in C:\xampp\htdocs\WEBDEV PROJECT\includes\session_config.php on line 4
[02-May-2025 23:23:53 Europe/Berlin] PHP Warning:  ini_set(): Session ini settings cannot be changed when a session is active in C:\xampp\htdocs\WEBDEV PROJECT\includes\session_config.php on line 5
[02-May-2025 23:23:53 Europe/Berlin] PHP Warning:  session_set_cookie_params(): Session cookie parameters cannot be changed when a session is active in C:\xampp\htdocs\WEBDEV PROJECT\includes\session_config.php on line 14
[02-May-2025 23:23:57 Europe/Berlin] Required PHP extension not loaded: gd
[02-May-2025 23:23:57 Europe/Berlin] PHP Warning:  ini_set(): Session ini settings cannot be changed when a session is active in C:\xampp\htdocs\WEBDEV PROJECT\includes\session_config.php on line 3
[02-May-2025 23:23:57 Europe/Berlin] PHP Warning:  ini_set(): Session ini settings cannot be changed when a session is active in C:\xampp\htdocs\WEBDEV PROJECT\includes\session_config.php on line 4
[02-May-2025 23:23:57 Europe/Berlin] PHP Warning:  ini_set(): Session ini settings cannot be changed when a session is active in C:\xampp\htdocs\WEBDEV PROJECT\includes\session_config.php on line 5
[02-May-2025 23:23:57 Europe/Berlin] PHP Warning:  session_set_cookie_params(): Session cookie parameters cannot be changed when a session is active in C:\xampp\htdocs\WEBDEV PROJECT\includes\session_config.php on line 14
[02-May-2025 23:23:58 Europe/Berlin] Required PHP extension not loaded: gd
[02-May-2025 23:23:58 Europe/Berlin] PHP Warning:  ini_set(): Session ini settings cannot be changed when a session is active in C:\xampp\htdocs\WEBDEV PROJECT\includes\session_config.php on line 3
[02-May-2025 23:23:58 Europe/Berlin] PHP Warning:  ini_set(): Session ini settings cannot be changed when a session is active in C:\xampp\htdocs\WEBDEV PROJECT\includes\session_config.php on line 4
[02-May-2025 23:23:58 Europe/Berlin] PHP Warning:  ini_set(): Session ini settings cannot be changed when a session is active in C:\xampp\htdocs\WEBDEV PROJECT\includes\session_config.php on line 5
[02-May-2025 23:23:58 Europe/Berlin] PHP Warning:  session_set_cookie_params(): Session cookie parameters cannot be changed when a session is active in C:\xampp\htdocs\WEBDEV PROJECT\includes\session_config.php on line 14
